{
  "stats": {
    "suites": 1,
    "tests": 3,
    "passes": 3,
    "pending": 0,
    "failures": 0,
    "start": "2023-10-17T16:51:37.040Z",
    "end": "2023-10-17T16:51:38.425Z",
    "duration": 1385,
    "testsRegistered": 3,
    "passPercent": 100,
    "pendingPercent": 0,
    "other": 0,
    "hasOther": false,
    "skipped": 0,
    "hasSkipped": false
  },
  "results": [
    {
      "uuid": "13bc9a5e-e74c-4b69-852f-a21ad5a8e51a",
      "title": "",
      "fullFile": "cypress/e2e/races.cy.ts",
      "file": "cypress/e2e/races.cy.ts",
      "beforeHooks": [],
      "afterHooks": [],
      "tests": [],
      "suites": [
        {
          "uuid": "bb299a17-31ea-461f-8ec5-9c40b88d2e1f",
          "title": "Races",
          "fullFile": "",
          "file": "",
          "beforeHooks": [],
          "afterHooks": [],
          "tests": [
            {
              "title": "should display a list of pending races by default",
              "fullTitle": "Races should display a list of pending races by default",
              "timedOut": null,
              "duration": 740,
              "state": "passed",
              "speed": "fast",
              "pass": true,
              "fail": false,
              "pending": false,
              "context": null,
              "code": "cy.visit('/races');\n// should redirect to home page as the user is not logged\ncy.location('pathname')\n    .should('eq', '/')\n    .then(\n// log the user and try again\n() => storeUserInLocalStorage());\ncy.visit('/races');\ncy.location('pathname').should('eq', '/races/pending');\ncy.wait('@getPendingRaces');\ncy.get('h2').should('have.length', 2);\ncy.get('p').should('have.length', 2).and('contain', 'ago');",
              "err": {},
              "uuid": "ed501420-1547-482c-9ea2-167246c81af3",
              "parentUUID": "bb299a17-31ea-461f-8ec5-9c40b88d2e1f",
              "isHook": false,
              "skipped": false
            },
            {
              "title": "should display ponies",
              "fullTitle": "Races should display ponies",
              "timedOut": null,
              "duration": 228,
              "state": "passed",
              "speed": "fast",
              "pass": true,
              "fail": false,
              "pending": false,
              "context": null,
              "code": "storeUserInLocalStorage();\ncy.visit('/races');\ncy.wait('@getPendingRaces');\ncy.get('figure').should('have.length', 10);\ncy.get('img').should('have.length', 10);\ncy.get('figcaption').should('have.length', 10);",
              "err": {},
              "uuid": "202916ad-a5f4-4fd1-b85a-7106a0a23989",
              "parentUUID": "bb299a17-31ea-461f-8ec5-9c40b88d2e1f",
              "isHook": false,
              "skipped": false
            },
            {
              "title": "should display a list of finished races in another tab",
              "fullTitle": "Races should display a list of finished races in another tab",
              "timedOut": null,
              "duration": 389,
              "state": "passed",
              "speed": "fast",
              "pass": true,
              "fail": false,
              "pending": false,
              "context": null,
              "code": "storeUserInLocalStorage();\ncy.visit('/races/pending');\ncy.wait('@getPendingRaces');\nconst pendingRacesTab = () => cy.get('.nav-tabs .nav-link').first();\nconst finishedRacesTab = () => cy.get('.nav-tabs .nav-link').eq(1);\npendingRacesTab().should('have.class', 'active').and('contain', 'Pending races');\nfinishedRacesTab().should('not.have.class', 'active').and('contain', 'Finished races');\nfinishedRacesTab().click();\ncy.location('pathname').should('eq', '/races/finished');\ncy.wait('@getFinishedRaces');\npendingRacesTab().should('not.have.class', 'active');\nfinishedRacesTab().should('have.class', 'active');\ncy.get('h2').should('have.length', 1);\ncy.get('p').should('have.length', 1).and('contain', 'ago');\ncy.get('a.page-link').should('have.length', 3).and('contain', '1');",
              "err": {},
              "uuid": "afae1d77-b7b0-4e47-910c-aeb83930c498",
              "parentUUID": "bb299a17-31ea-461f-8ec5-9c40b88d2e1f",
              "isHook": false,
              "skipped": false
            }
          ],
          "suites": [],
          "passes": [
            "ed501420-1547-482c-9ea2-167246c81af3",
            "202916ad-a5f4-4fd1-b85a-7106a0a23989",
            "afae1d77-b7b0-4e47-910c-aeb83930c498"
          ],
          "failures": [],
          "pending": [],
          "skipped": [],
          "duration": 1357,
          "root": false,
          "rootEmpty": false,
          "_timeout": 2000
        }
      ],
      "passes": [],
      "failures": [],
      "pending": [],
      "skipped": [],
      "duration": 0,
      "root": true,
      "rootEmpty": true,
      "_timeout": 2000
    }
  ],
  "meta": {
    "mocha": {
      "version": "7.0.1"
    },
    "mochawesome": {
      "options": {
        "quiet": false,
        "reportFilename": "mochawesome",
        "saveHtml": false,
        "saveJson": true,
        "consoleReporter": "spec",
        "useInlineDiffs": false,
        "code": true
      },
      "version": "7.1.3"
    },
    "marge": {
      "options": {
        "reportDir": "results/mochawesome",
        "overwrite": false,
        "html": false,
        "json": true
      },
      "version": "6.2.0"
    }
  }
}