{
  "stats": {
    "suites": 1,
    "tests": 3,
    "passes": 3,
    "pending": 0,
    "failures": 0,
    "start": "2023-10-16T14:41:46.676Z",
    "end": "2023-10-16T14:41:50.501Z",
    "duration": 3825,
    "testsRegistered": 3,
    "passPercent": 100,
    "pendingPercent": 0,
    "other": 0,
    "hasOther": false,
    "skipped": 0,
    "hasSkipped": false
  },
  "results": [
    {
      "uuid": "a4d941d0-3d3c-4767-b39a-8d95348d981d",
      "title": "",
      "fullFile": "cypress/e2e/live.cy.ts",
      "file": "cypress/e2e/live.cy.ts",
      "beforeHooks": [],
      "afterHooks": [],
      "tests": [],
      "suites": [
        {
          "uuid": "a3a65846-fc88-4d96-82ad-5c8acaa9b316",
          "title": "Live",
          "fullFile": "",
          "file": "",
          "beforeHooks": [],
          "afterHooks": [],
          "tests": [
            {
              "title": "should display a pending live race",
              "fullTitle": "Live should display a pending live race",
              "timedOut": null,
              "duration": 695,
              "state": "passed",
              "speed": "fast",
              "pass": true,
              "fail": false,
              "pending": false,
              "context": null,
              "code": "storeUserInLocalStorage();\nconst { wsOptions } = buildFakeWS();\ncy.visit('/races', wsOptions);\ncy.wait('@getRaces');\n// go to bet page for the first race\ncy.get('.btn-primary').first().click();\ncy.wait('@getRace');\n// bet on first pony\ncy.get('img').first().click();\ncy.wait('@betRace');\n// emulate a pending race\ncy.intercept('GET', 'api/races/12', {\n    ...race,\n    betPonyId: 2,\n    status: 'PENDING'\n}).as('getPendingRace');\n// go to live\ncy.get('.btn-primary').first().click();\ncy.location('pathname').should('eq', '/races/12/live');\ncy.wait('@getPendingRace');\n// race detail should be displayed\ncy.get('h1').should('contain', 'Paris');\ncy.get('div').should('contain', 'ago');\ncy.get('img').should('have.length', 5);\ncy.get('.selected').should('have.length', 1);",
              "err": {},
              "uuid": "b3d3f422-e82f-46d5-8940-7cf366744d4c",
              "parentUUID": "a3a65846-fc88-4d96-82ad-5c8acaa9b316",
              "isHook": false,
              "skipped": false
            },
            {
              "title": "should display a running live race",
              "fullTitle": "Live should display a running live race",
              "timedOut": null,
              "duration": 1575,
              "state": "passed",
              "speed": "fast",
              "pass": true,
              "fail": false,
              "pending": false,
              "context": null,
              "code": "storeUserInLocalStorage();\nconst { fakeWS, wsOptions } = buildFakeWS();\ncy.visit('/races', wsOptions);\ncy.wait('@getRaces');\n// go to bet page for the first race\ncy.get('.btn-primary').first().click();\ncy.wait('@getRace');\n// bet on first pony\ncy.get('img').first().click();\ncy.wait('@betRace');\n// emulate a running race\ncy.intercept('GET', 'api/races/12', {\n    ...race,\n    betPonyId: 2,\n    status: 'RUNNING'\n}).as('getRunningRace');\nlet angular;\ncy.window().then((win) => (angular = win.ng));\nlet document;\ncy.document().then(doc => (document = doc));\n// go to live\ncy.get('.btn-primary').first().click();\ncy.location('pathname').should('eq', '/races/12/live');\ncy.wait('@getRunningRace');\ncy.wait(1000);\n// WebSocket connection created\ncy.get('@ws')\n    .should('be.called')\n    .then(() => {\n    fakeWS.emulateRace({\n        ponies: [\n            { id: 1, name: 'Gentle Pie', color: 'YELLOW', position: 30 },\n            { id: 2, name: 'Big Soda', color: 'ORANGE', position: 80 },\n            { id: 3, name: 'Gentle Bottle', color: 'PURPLE', position: 70 },\n            { id: 4, name: 'Superb Whiskey', color: 'GREEN', position: 60 },\n            { id: 5, name: 'Fast Rainbow', color: 'BLUE', position: 30 }\n        ],\n        status: 'RUNNING'\n    });\n    // the component can be inside ng-component if it has no selector\n    const element = document.querySelector('pr-live') || document.querySelector('ng-component');\n    const liveComponent = angular.getComponent(element);\n    angular.applyChanges(liveComponent);\n});\n// running ponies should be displayed\ncy.get('h1').should('contain', 'Paris');\ncy.get('img').should('have.length', 5);\ncy.get('div.pony-wrapper').should('have.attr', 'style').and('include', 'margin-left: 25%;');\ncy.get('.selected')\n    .should('have.length', 1)\n    .then(() => {\n    fakeWS.emulateRace({\n        ponies: [\n            { id: 1, name: 'Gentle Pie', color: 'YELLOW', position: 50 },\n            { id: 2, name: 'Big Soda', color: 'ORANGE', position: 90 },\n            { id: 3, name: 'Gentle Bottle', color: 'PURPLE', position: 70 },\n            { id: 4, name: 'Superb Whiskey', color: 'GREEN', position: 65 },\n            { id: 5, name: 'Fast Rainbow', color: 'BLUE', position: 30 }\n        ],\n        status: 'RUNNING'\n    });\n    // the component can be inside ng-component if it has no selector\n    const element = document.querySelector('pr-live') || document.querySelector('ng-component');\n    const liveComponent = angular.getComponent(element);\n    angular.applyChanges(liveComponent);\n});\ncy.get('img').should('have.length', 5);\ncy.get('div.pony-wrapper').should('have.attr', 'style').and('include', 'margin-left: 45%;');",
              "err": {},
              "uuid": "c15e3ca7-b072-4aef-a421-bd1be968d940",
              "parentUUID": "a3a65846-fc88-4d96-82ad-5c8acaa9b316",
              "isHook": false,
              "skipped": false
            },
            {
              "title": "should display a finished live race",
              "fullTitle": "Live should display a finished live race",
              "timedOut": null,
              "duration": 1513,
              "state": "passed",
              "speed": "fast",
              "pass": true,
              "fail": false,
              "pending": false,
              "context": null,
              "code": "storeUserInLocalStorage();\nconst { fakeWS, wsOptions } = buildFakeWS();\ncy.visit('/races', wsOptions);\ncy.wait('@getRaces');\n// go to bet page for the first race\ncy.get('.btn-primary').first().click();\ncy.wait('@getRace');\n// bet on first pony\ncy.get('img').first().click();\ncy.wait('@betRace');\n// emulate a finished race\ncy.intercept('GET', 'api/races/12', {\n    ...race,\n    betPonyId: 2,\n    status: 'RUNNING'\n}).as('getRunningRace');\n// go to live\ncy.get('.btn-primary').first().click();\ncy.location('pathname').should('eq', '/races/12/live');\ncy.wait('@getRunningRace');\ncy.wait(1000);\nlet angular;\ncy.window().then((win) => (angular = win.ng));\nlet document;\ncy.document().then(doc => (document = doc));\n// WebSocket connection created\ncy.get('@ws')\n    .should('be.called')\n    // and emulate a finished race\n    .then(() => {\n    fakeWS.emulateRace({\n        ponies: [\n            { id: 1, name: 'Gentle Pie', color: 'YELLOW', position: 30 },\n            { id: 2, name: 'Big Soda', color: 'ORANGE', position: 100 },\n            { id: 3, name: 'Gentle Bottle', color: 'PURPLE', position: 70 },\n            { id: 4, name: 'Superb Whiskey', color: 'GREEN', position: 60 },\n            { id: 5, name: 'Fast Rainbow', color: 'BLUE', position: 30 }\n        ],\n        status: 'RUNNING'\n    });\n    fakeWS.emulateRace({\n        ponies: [\n            { id: 1, name: 'Gentle Pie', color: 'YELLOW', position: 30 },\n            { id: 2, name: 'Big Soda', color: 'ORANGE', position: 100 },\n            { id: 3, name: 'Gentle Bottle', color: 'PURPLE', position: 70 },\n            { id: 4, name: 'Superb Whiskey', color: 'GREEN', position: 60 },\n            { id: 5, name: 'Fast Rainbow', color: 'BLUE', position: 30 }\n        ],\n        status: 'FINISHED'\n    });\n    // the component can be inside ng-component if it has no selector\n    const element = document.querySelector('pr-live') || document.querySelector('ng-component');\n    const liveComponent = angular.getComponent(element);\n    angular.applyChanges(liveComponent);\n});\n// victorious pony should be displayed\ncy.get('h1').should('contain', 'Paris');\ncy.get('img').should('have.length', 1);\ncy.get('.selected').should('have.length', 1);\ncy.get('.alert.alert-success').should('have.text', 'You won your bet!');",
              "err": {},
              "uuid": "3e2ef5d4-3607-4f8b-9223-bdf1ddbf4e84",
              "parentUUID": "a3a65846-fc88-4d96-82ad-5c8acaa9b316",
              "isHook": false,
              "skipped": false
            }
          ],
          "suites": [],
          "passes": [
            "b3d3f422-e82f-46d5-8940-7cf366744d4c",
            "c15e3ca7-b072-4aef-a421-bd1be968d940",
            "3e2ef5d4-3607-4f8b-9223-bdf1ddbf4e84"
          ],
          "failures": [],
          "pending": [],
          "skipped": [],
          "duration": 3783,
          "root": false,
          "rootEmpty": false,
          "_timeout": 2000
        }
      ],
      "passes": [],
      "failures": [],
      "pending": [],
      "skipped": [],
      "duration": 0,
      "root": true,
      "rootEmpty": true,
      "_timeout": 2000
    }
  ],
  "meta": {
    "mocha": {
      "version": "7.0.1"
    },
    "mochawesome": {
      "options": {
        "quiet": false,
        "reportFilename": "mochawesome",
        "saveHtml": false,
        "saveJson": true,
        "consoleReporter": "spec",
        "useInlineDiffs": false,
        "code": true
      },
      "version": "7.1.3"
    },
    "marge": {
      "options": {
        "reportDir": "results/mochawesome",
        "overwrite": false,
        "html": false,
        "json": true
      },
      "version": "6.2.0"
    }
  }
}