{
  "stats": {
    "suites": 1,
    "tests": 2,
    "passes": 2,
    "pending": 0,
    "failures": 0,
    "start": "2023-10-17T09:31:32.347Z",
    "end": "2023-10-17T09:31:34.047Z",
    "duration": 1700,
    "testsRegistered": 2,
    "passPercent": 100,
    "pendingPercent": 0,
    "other": 0,
    "hasOther": false,
    "skipped": 0,
    "hasSkipped": false
  },
  "results": [
    {
      "uuid": "2d0e1a7c-27d3-4dc2-a637-67a9a0e6ab1e",
      "title": "",
      "fullFile": "cypress/e2e/login.cy.ts",
      "file": "cypress/e2e/login.cy.ts",
      "beforeHooks": [],
      "afterHooks": [],
      "tests": [],
      "suites": [
        {
          "uuid": "3bb28801-36cc-446b-98e4-5a5dfcc09754",
          "title": "Login",
          "fullFile": "",
          "file": "",
          "beforeHooks": [],
          "afterHooks": [],
          "tests": [
            {
              "title": "should display a login page",
              "fullTitle": "Login should display a login page",
              "timedOut": null,
              "duration": 1144,
              "state": "passed",
              "speed": "fast",
              "pass": true,
              "fail": false,
              "pending": false,
              "context": null,
              "code": "cy.visit('/users/login');\ncy.get('button').should('be.visible').and('be.disabled');\nloginInput().type('c');\nloginInput().clear();\nerrorMessage().should('be.visible').and('contain', 'Login is required');\nloginInput().type('ced');\nerrorMessage().should('not.exist');\npasswordInput().type('p');\npasswordInput().clear();\nerrorMessage().should('be.visible').and('contain', 'Password is required');\npasswordInput().type('pa');\nerrorMessage().should('not.exist');\nsubmitButton().click();\ncy.wait('@authenticateUser');\ncy.location('pathname').should('eq', '/');",
              "err": {},
              "uuid": "3afd35ee-9f77-484e-afb5-dc579e542788",
              "parentUUID": "3bb28801-36cc-446b-98e4-5a5dfcc09754",
              "isHook": false,
              "skipped": false
            },
            {
              "title": "should display an alert if login fails",
              "fullTitle": "Login should display an alert if login fails",
              "timedOut": null,
              "duration": 534,
              "state": "passed",
              "speed": "fast",
              "pass": true,
              "fail": false,
              "pending": false,
              "context": null,
              "code": "cy.visit('/users/login');\ncy.intercept('POST', 'api/users/authentication', {\n    statusCode: 404\n}).as('failedAuthenticateUser');\nloginInput().type('ced');\npasswordInput().type('pa');\nsubmitButton().click();\ncy.wait('@failedAuthenticateUser');\ncy.location('pathname').should('eq', '/users/login');\ncy.get('.alert-danger').should('contain', 'Nope, try again');",
              "err": {},
              "uuid": "554b6962-0525-4661-89da-4c36f5e1c34b",
              "parentUUID": "3bb28801-36cc-446b-98e4-5a5dfcc09754",
              "isHook": false,
              "skipped": false
            }
          ],
          "suites": [],
          "passes": [
            "3afd35ee-9f77-484e-afb5-dc579e542788",
            "554b6962-0525-4661-89da-4c36f5e1c34b"
          ],
          "failures": [],
          "pending": [],
          "skipped": [],
          "duration": 1678,
          "root": false,
          "rootEmpty": false,
          "_timeout": 2000
        }
      ],
      "passes": [],
      "failures": [],
      "pending": [],
      "skipped": [],
      "duration": 0,
      "root": true,
      "rootEmpty": true,
      "_timeout": 2000
    }
  ],
  "meta": {
    "mocha": {
      "version": "7.0.1"
    },
    "mochawesome": {
      "options": {
        "quiet": false,
        "reportFilename": "mochawesome",
        "saveHtml": false,
        "saveJson": true,
        "consoleReporter": "spec",
        "useInlineDiffs": false,
        "code": true
      },
      "version": "7.1.3"
    },
    "marge": {
      "options": {
        "reportDir": "results/mochawesome",
        "overwrite": false,
        "html": false,
        "json": true
      },
      "version": "6.2.0"
    }
  }
}