{
  "stats": {
    "suites": 1,
    "tests": 1,
    "passes": 1,
    "pending": 0,
    "failures": 0,
    "start": "2023-10-17T16:36:24.829Z",
    "end": "2023-10-17T16:36:25.441Z",
    "duration": 612,
    "testsRegistered": 1,
    "passPercent": 100,
    "pendingPercent": 0,
    "other": 0,
    "hasOther": false,
    "skipped": 0,
    "hasSkipped": false
  },
  "results": [
    {
      "uuid": "aa3e39f2-9d16-404d-9fde-4e697add084b",
      "title": "",
      "fullFile": "cypress/e2e/money-history.cy.ts",
      "file": "cypress/e2e/money-history.cy.ts",
      "beforeHooks": [],
      "afterHooks": [],
      "tests": [],
      "suites": [
        {
          "uuid": "aa4c0610-8858-4bbe-895b-f30addc8ca5e",
          "title": "Money history",
          "fullFile": "",
          "file": "",
          "beforeHooks": [],
          "afterHooks": [],
          "tests": [
            {
              "title": "should display the money history of the user",
              "fullTitle": "Money history should display the money history of the user",
              "timedOut": null,
              "duration": 585,
              "state": "passed",
              "speed": "fast",
              "pass": true,
              "fail": false,
              "pending": false,
              "context": null,
              "code": "storeUserInLocalStorage();\ncy.visit('/users/money/history');\ncy.wait('@history');\ncy.get('h1').should('contain', 'Money history');\ncy.get('canvas').should('exist');",
              "err": {},
              "uuid": "1c7ebd71-f26e-4803-98dd-6ed890007f6c",
              "parentUUID": "aa4c0610-8858-4bbe-895b-f30addc8ca5e",
              "isHook": false,
              "skipped": false
            }
          ],
          "suites": [],
          "passes": [
            "1c7ebd71-f26e-4803-98dd-6ed890007f6c"
          ],
          "failures": [],
          "pending": [],
          "skipped": [],
          "duration": 585,
          "root": false,
          "rootEmpty": false,
          "_timeout": 2000
        }
      ],
      "passes": [],
      "failures": [],
      "pending": [],
      "skipped": [],
      "duration": 0,
      "root": true,
      "rootEmpty": true,
      "_timeout": 2000
    }
  ],
  "meta": {
    "mocha": {
      "version": "7.0.1"
    },
    "mochawesome": {
      "options": {
        "quiet": false,
        "reportFilename": "mochawesome",
        "saveHtml": false,
        "saveJson": true,
        "consoleReporter": "spec",
        "useInlineDiffs": false,
        "code": true
      },
      "version": "7.1.3"
    },
    "marge": {
      "options": {
        "reportDir": "results/mochawesome",
        "overwrite": false,
        "html": false,
        "json": true
      },
      "version": "6.2.0"
    }
  }
}