{
  "stats": {
    "suites": 1,
    "tests": 3,
    "passes": 3,
    "pending": 0,
    "failures": 0,
    "start": "2023-10-17T17:14:00.847Z",
    "end": "2023-10-17T17:14:02.104Z",
    "duration": 1257,
    "testsRegistered": 3,
    "passPercent": 100,
    "pendingPercent": 0,
    "other": 0,
    "hasOther": false,
    "skipped": 0,
    "hasSkipped": false
  },
  "results": [
    {
      "uuid": "caab3779-d218-4bfc-819e-7087e0432829",
      "title": "",
      "fullFile": "cypress/e2e/races.cy.ts",
      "file": "cypress/e2e/races.cy.ts",
      "beforeHooks": [],
      "afterHooks": [],
      "tests": [],
      "suites": [
        {
          "uuid": "fd2f243e-cfb9-4bc1-bfc6-8e4a4851bf16",
          "title": "Races",
          "fullFile": "",
          "file": "",
          "beforeHooks": [],
          "afterHooks": [],
          "tests": [
            {
              "title": "should display a list of pending races by default",
              "fullTitle": "Races should display a list of pending races by default",
              "timedOut": null,
              "duration": 686,
              "state": "passed",
              "speed": "fast",
              "pass": true,
              "fail": false,
              "pending": false,
              "context": null,
              "code": "cy.visit('/races');\n// should redirect to home page as the user is not logged\ncy.location('pathname')\n    .should('eq', '/')\n    .then(\n// log the user and try again\n() => storeUserInLocalStorage());\ncy.visit('/races');\ncy.location('pathname').should('eq', '/races/pending');\ncy.wait('@getPendingRaces');\ncy.get('h2').should('have.length', 2);\ncy.get('p').should('have.length', 2).and('contain', 'ago');",
              "err": {},
              "uuid": "c679dc2b-f90c-46e0-94d6-d7287c7fa6c0",
              "parentUUID": "fd2f243e-cfb9-4bc1-bfc6-8e4a4851bf16",
              "isHook": false,
              "skipped": false
            },
            {
              "title": "should display ponies",
              "fullTitle": "Races should display ponies",
              "timedOut": null,
              "duration": 214,
              "state": "passed",
              "speed": "fast",
              "pass": true,
              "fail": false,
              "pending": false,
              "context": null,
              "code": "storeUserInLocalStorage();\ncy.visit('/races');\ncy.wait('@getPendingRaces');\ncy.get('figure').should('have.length', 10);\ncy.get('img').should('have.length', 10);\ncy.get('figcaption').should('have.length', 10);",
              "err": {},
              "uuid": "cc1f8d87-b3e7-4a1b-81cc-0a90fb79e637",
              "parentUUID": "fd2f243e-cfb9-4bc1-bfc6-8e4a4851bf16",
              "isHook": false,
              "skipped": false
            },
            {
              "title": "should display a list of finished races in another tab",
              "fullTitle": "Races should display a list of finished races in another tab",
              "timedOut": null,
              "duration": 328,
              "state": "passed",
              "speed": "fast",
              "pass": true,
              "fail": false,
              "pending": false,
              "context": null,
              "code": "storeUserInLocalStorage();\ncy.visit('/races/pending');\ncy.wait('@getPendingRaces');\nconst pendingRacesTab = () => cy.get('.nav-tabs .nav-link').first();\nconst finishedRacesTab = () => cy.get('.nav-tabs .nav-link').eq(1);\npendingRacesTab().should('have.class', 'active').and('contain', 'Pending races');\nfinishedRacesTab().should('not.have.class', 'active').and('contain', 'Finished races');\nfinishedRacesTab().click();\ncy.location('pathname').should('eq', '/races/finished');\ncy.wait('@getFinishedRaces');\npendingRacesTab().should('not.have.class', 'active');\nfinishedRacesTab().should('have.class', 'active');\ncy.get('h2').should('have.length', 1);\ncy.get('p').should('have.length', 1).and('contain', 'ago');\ncy.get('a.page-link').should('have.length', 3).and('contain', '1');",
              "err": {},
              "uuid": "28866c78-d91c-4af5-a2ac-1e933265be83",
              "parentUUID": "fd2f243e-cfb9-4bc1-bfc6-8e4a4851bf16",
              "isHook": false,
              "skipped": false
            }
          ],
          "suites": [],
          "passes": [
            "c679dc2b-f90c-46e0-94d6-d7287c7fa6c0",
            "cc1f8d87-b3e7-4a1b-81cc-0a90fb79e637",
            "28866c78-d91c-4af5-a2ac-1e933265be83"
          ],
          "failures": [],
          "pending": [],
          "skipped": [],
          "duration": 1228,
          "root": false,
          "rootEmpty": false,
          "_timeout": 2000
        }
      ],
      "passes": [],
      "failures": [],
      "pending": [],
      "skipped": [],
      "duration": 0,
      "root": true,
      "rootEmpty": true,
      "_timeout": 2000
    }
  ],
  "meta": {
    "mocha": {
      "version": "7.0.1"
    },
    "mochawesome": {
      "options": {
        "quiet": false,
        "reportFilename": "mochawesome",
        "saveHtml": false,
        "saveJson": true,
        "consoleReporter": "spec",
        "useInlineDiffs": false,
        "code": true
      },
      "version": "7.1.3"
    },
    "marge": {
      "options": {
        "reportDir": "results/mochawesome",
        "overwrite": false,
        "html": false,
        "json": true
      },
      "version": "6.2.0"
    }
  }
}