{
  "stats": {
    "suites": 1,
    "tests": 2,
    "passes": 2,
    "pending": 0,
    "failures": 0,
    "start": "2023-10-16T08:19:47.527Z",
    "end": "2023-10-16T08:19:49.112Z",
    "duration": 1585,
    "testsRegistered": 2,
    "passPercent": 100,
    "pendingPercent": 0,
    "other": 0,
    "hasOther": false,
    "skipped": 0,
    "hasSkipped": false
  },
  "results": [
    {
      "uuid": "9c270504-388d-4e64-aae6-10a641baf3f0",
      "title": "",
      "fullFile": "cypress/e2e/login.cy.ts",
      "file": "cypress/e2e/login.cy.ts",
      "beforeHooks": [],
      "afterHooks": [],
      "tests": [],
      "suites": [
        {
          "uuid": "3c3cf7b6-801b-4c51-b482-4a21b9ed78d3",
          "title": "Login",
          "fullFile": "",
          "file": "",
          "beforeHooks": [],
          "afterHooks": [],
          "tests": [
            {
              "title": "should display a login page",
              "fullTitle": "Login should display a login page",
              "timedOut": null,
              "duration": 1042,
              "state": "passed",
              "speed": "fast",
              "pass": true,
              "fail": false,
              "pending": false,
              "context": null,
              "code": "cy.visit('/login');\ncy.get('button').should('be.visible').and('be.disabled');\nloginInput().type('c');\nloginInput().clear();\nerrorMessage().should('be.visible').and('contain', 'Login is required');\nloginInput().type('ced');\nerrorMessage().should('not.exist');\npasswordInput().type('p');\npasswordInput().clear();\nerrorMessage().should('be.visible').and('contain', 'Password is required');\npasswordInput().type('pa');\nerrorMessage().should('not.exist');\nsubmitButton().click();\ncy.wait('@authenticateUser');\ncy.location('pathname').should('eq', '/');",
              "err": {},
              "uuid": "d8bd883e-bb82-4e4d-bfec-b1de9a215746",
              "parentUUID": "3c3cf7b6-801b-4c51-b482-4a21b9ed78d3",
              "isHook": false,
              "skipped": false
            },
            {
              "title": "should display an alert if login fails",
              "fullTitle": "Login should display an alert if login fails",
              "timedOut": null,
              "duration": 522,
              "state": "passed",
              "speed": "fast",
              "pass": true,
              "fail": false,
              "pending": false,
              "context": null,
              "code": "cy.visit('/login');\ncy.intercept('POST', 'api/users/authentication', {\n    statusCode: 404\n}).as('failedAuthenticateUser');\nloginInput().type('ced');\npasswordInput().type('pa');\nsubmitButton().click();\ncy.wait('@failedAuthenticateUser');\ncy.location('pathname').should('eq', '/login');\ncy.get('.alert-danger').should('contain', 'Nope, try again');",
              "err": {},
              "uuid": "1b728e35-af81-488f-ac01-f0530c34792a",
              "parentUUID": "3c3cf7b6-801b-4c51-b482-4a21b9ed78d3",
              "isHook": false,
              "skipped": false
            }
          ],
          "suites": [],
          "passes": [
            "d8bd883e-bb82-4e4d-bfec-b1de9a215746",
            "1b728e35-af81-488f-ac01-f0530c34792a"
          ],
          "failures": [],
          "pending": [],
          "skipped": [],
          "duration": 1564,
          "root": false,
          "rootEmpty": false,
          "_timeout": 2000
        }
      ],
      "passes": [],
      "failures": [],
      "pending": [],
      "skipped": [],
      "duration": 0,
      "root": true,
      "rootEmpty": true,
      "_timeout": 2000
    }
  ],
  "meta": {
    "mocha": {
      "version": "7.0.1"
    },
    "mochawesome": {
      "options": {
        "quiet": false,
        "reportFilename": "mochawesome",
        "saveHtml": false,
        "saveJson": true,
        "consoleReporter": "spec",
        "useInlineDiffs": false,
        "code": true
      },
      "version": "7.1.3"
    },
    "marge": {
      "options": {
        "reportDir": "results/mochawesome",
        "overwrite": false,
        "html": false,
        "json": true
      },
      "version": "6.2.0"
    }
  }
}