{
  "stats": {
    "suites": 1,
    "tests": 4,
    "passes": 4,
    "pending": 0,
    "failures": 0,
    "start": "2023-10-17T16:51:12.652Z",
    "end": "2023-10-17T16:51:14.858Z",
    "duration": 2206,
    "testsRegistered": 4,
    "passPercent": 100,
    "pendingPercent": 0,
    "other": 0,
    "hasOther": false,
    "skipped": 0,
    "hasSkipped": false
  },
  "results": [
    {
      "uuid": "b64c5e74-edff-4bd9-bb27-569abd15729c",
      "title": "",
      "fullFile": "cypress/e2e/home.cy.ts",
      "file": "cypress/e2e/home.cy.ts",
      "beforeHooks": [],
      "afterHooks": [],
      "tests": [],
      "suites": [
        {
          "uuid": "0fca0962-04e5-4323-ab9d-9fedc05dd7bc",
          "title": "Ponyracer",
          "fullFile": "",
          "file": "",
          "beforeHooks": [],
          "afterHooks": [],
          "tests": [
            {
              "title": "should display title on home page",
              "fullTitle": "Ponyracer should display title on home page",
              "timedOut": null,
              "duration": 450,
              "state": "passed",
              "speed": "fast",
              "pass": true,
              "fail": false,
              "pending": false,
              "context": null,
              "code": "cy.visit('/');\ncy.contains('h1', 'Ponyracer');\ncy.contains('small', 'Always a pleasure to bet on ponies');\ncy.get('.btn-primary').contains('Login').should('have.attr', 'href', '/users/login');\ncy.get('.btn-primary').contains('Register').should('have.attr', 'href', '/users/register');",
              "err": {},
              "uuid": "081e0dd2-d863-446a-b98d-49e6f10c1e10",
              "parentUUID": "0fca0962-04e5-4323-ab9d-9fedc05dd7bc",
              "isHook": false,
              "skipped": false
            },
            {
              "title": "should display a navbar",
              "fullTitle": "Ponyracer should display a navbar",
              "timedOut": null,
              "duration": 134,
              "state": "passed",
              "speed": "fast",
              "pass": true,
              "fail": false,
              "pending": false,
              "context": null,
              "code": "cy.visit('/');\ncy.get(navbarBrand).contains('PonyRacer').should('have.attr', 'href', '/');\ncy.get(navbarLink).should('not.exist');",
              "err": {},
              "uuid": "25f504fd-1631-43fe-add3-af4cd501b7e3",
              "parentUUID": "0fca0962-04e5-4323-ab9d-9fedc05dd7bc",
              "isHook": false,
              "skipped": false
            },
            {
              "title": "should display a navbar collapsed on small screen",
              "fullTitle": "Ponyracer should display a navbar collapsed on small screen",
              "timedOut": null,
              "duration": 216,
              "state": "passed",
              "speed": "fast",
              "pass": true,
              "fail": false,
              "pending": false,
              "context": null,
              "code": "storeUserInLocalStorage();\ncy.viewport('iphone-6+');\ncy.visit('/');\ncy.contains(navbarBrand, 'PonyRacer');\ncy.get(navbarLink).should('not.be.visible');\n// toggle the navbar\ncy.get('.navbar-toggler').click();\ncy.get(navbarLink).should('exist');",
              "err": {},
              "uuid": "107a4a15-3d4e-43a5-ba17-3bbca308b514",
              "parentUUID": "0fca0962-04e5-4323-ab9d-9fedc05dd7bc",
              "isHook": false,
              "skipped": false
            },
            {
              "title": "should log out the user",
              "fullTitle": "Ponyracer should log out the user",
              "timedOut": null,
              "duration": 1363,
              "state": "passed",
              "speed": "fast",
              "pass": true,
              "fail": false,
              "pending": false,
              "context": null,
              "code": "storeUserInLocalStorage();\nconst { fakeWS, wsOptions } = buildFakeWS();\ncy.visit('/races', wsOptions);\ncy.wait('@getRaces').its('request.headers').should('have.property', 'authorization', `Bearer ${user.token}`);\ncy.get('@ws').should('be.called');\n// user stored should be displayed\ncy.get('#current-user').should('contain', 'cedric').and('contain', '1000');\ncy.wait(1000);\nlet angular;\ncy.window().then((win) => (angular = win.ng));\nlet document;\ncy.document().then(doc => (document = doc));\ncy.get('#current-user').then(() => {\n    fakeWS.emulateScore({\n        ...user,\n        money: 1200\n    });\n    const element = document.querySelector('pr-menu');\n    const liveComponent = angular.getComponent(element);\n    angular.applyChanges(liveComponent);\n});\n// user score updated\ncy.get('#current-user').should('contain', 'cedric').and('contain', '1200');\n// logout\ncy.get('span.fa.fa-power-off').click();\n// should be redirected to home page\ncy.location('pathname')\n    .should('eq', '/')\n    // and localStorage should be clean\n    .and(() => expect(localStorage.getItem('rememberMe')).to.eq(null));\ncy.get(navbarLink).should('not.exist');\n// user is not displayed in navbar\ncy.get('#current-user').should('not.exist');\n// and home page offers the login link\ncy.get('.btn-primary').contains('Login').should('have.attr', 'href', '/users/login');",
              "err": {},
              "uuid": "577483bc-c8a4-4e9f-9b7a-4e8d9a80e14e",
              "parentUUID": "0fca0962-04e5-4323-ab9d-9fedc05dd7bc",
              "isHook": false,
              "skipped": false
            }
          ],
          "suites": [],
          "passes": [
            "081e0dd2-d863-446a-b98d-49e6f10c1e10",
            "25f504fd-1631-43fe-add3-af4cd501b7e3",
            "107a4a15-3d4e-43a5-ba17-3bbca308b514",
            "577483bc-c8a4-4e9f-9b7a-4e8d9a80e14e"
          ],
          "failures": [],
          "pending": [],
          "skipped": [],
          "duration": 2163,
          "root": false,
          "rootEmpty": false,
          "_timeout": 2000
        }
      ],
      "passes": [],
      "failures": [],
      "pending": [],
      "skipped": [],
      "duration": 0,
      "root": true,
      "rootEmpty": true,
      "_timeout": 2000
    }
  ],
  "meta": {
    "mocha": {
      "version": "7.0.1"
    },
    "mochawesome": {
      "options": {
        "quiet": false,
        "reportFilename": "mochawesome",
        "saveHtml": false,
        "saveJson": true,
        "consoleReporter": "spec",
        "useInlineDiffs": false,
        "code": true
      },
      "version": "7.1.3"
    },
    "marge": {
      "options": {
        "reportDir": "results/mochawesome",
        "overwrite": false,
        "html": false,
        "json": true
      },
      "version": "6.2.0"
    }
  }
}