{
  "stats": {
    "suites": 1,
    "tests": 4,
    "passes": 4,
    "pending": 0,
    "failures": 0,
    "start": "2023-10-16T06:38:30.657Z",
    "end": "2023-10-16T06:38:31.499Z",
    "duration": 842,
    "testsRegistered": 4,
    "passPercent": 100,
    "pendingPercent": 0,
    "other": 0,
    "hasOther": false,
    "skipped": 0,
    "hasSkipped": false
  },
  "results": [
    {
      "uuid": "cf024a1c-a13d-4d63-a7b8-49d341132160",
      "title": "",
      "fullFile": "cypress/e2e/home.cy.ts",
      "file": "cypress/e2e/home.cy.ts",
      "beforeHooks": [],
      "afterHooks": [],
      "tests": [],
      "suites": [
        {
          "uuid": "8cddf8ac-3301-4c85-a256-bdf9f9492a3f",
          "title": "Ponyracer",
          "fullFile": "",
          "file": "",
          "beforeHooks": [],
          "afterHooks": [],
          "tests": [
            {
              "title": "should display title on home page",
              "fullTitle": "Ponyracer should display title on home page",
              "timedOut": null,
              "duration": 303,
              "state": "passed",
              "speed": "fast",
              "pass": true,
              "fail": false,
              "pending": false,
              "context": null,
              "code": "cy.visit('/');\ncy.contains('h1', 'Ponyracer');\ncy.contains('small', 'Always a pleasure to bet on ponies');\ncy.get('.btn-primary').contains('Login').should('have.attr', 'href', '/login');\ncy.get('.btn-primary').contains('Register').should('have.attr', 'href', '/register');",
              "err": {},
              "uuid": "df80e106-4cb1-4a40-8968-aea54475bc5d",
              "parentUUID": "8cddf8ac-3301-4c85-a256-bdf9f9492a3f",
              "isHook": false,
              "skipped": false
            },
            {
              "title": "should display a navbar",
              "fullTitle": "Ponyracer should display a navbar",
              "timedOut": null,
              "duration": 112,
              "state": "passed",
              "speed": "fast",
              "pass": true,
              "fail": false,
              "pending": false,
              "context": null,
              "code": "cy.visit('/');\ncy.get(navbarBrand).contains('PonyRacer').should('have.attr', 'href', '/');\ncy.get(navbarLink).should('not.exist');",
              "err": {},
              "uuid": "a386e803-5751-428e-8f32-88fe574518ba",
              "parentUUID": "8cddf8ac-3301-4c85-a256-bdf9f9492a3f",
              "isHook": false,
              "skipped": false
            },
            {
              "title": "should display a navbar collapsed on small screen",
              "fullTitle": "Ponyracer should display a navbar collapsed on small screen",
              "timedOut": null,
              "duration": 186,
              "state": "passed",
              "speed": "fast",
              "pass": true,
              "fail": false,
              "pending": false,
              "context": null,
              "code": "storeUserInLocalStorage();\ncy.viewport('iphone-6+');\ncy.visit('/');\ncy.contains(navbarBrand, 'PonyRacer');\ncy.get(navbarLink).should('not.be.visible');\n// toggle the navbar\ncy.get('.navbar-toggler').click();\ncy.get(navbarLink).should('exist');",
              "err": {},
              "uuid": "5153a326-69f7-4f51-8b5d-54c262e200ae",
              "parentUUID": "8cddf8ac-3301-4c85-a256-bdf9f9492a3f",
              "isHook": false,
              "skipped": false
            },
            {
              "title": "should log out the user",
              "fullTitle": "Ponyracer should log out the user",
              "timedOut": null,
              "duration": 222,
              "state": "passed",
              "speed": "fast",
              "pass": true,
              "fail": false,
              "pending": false,
              "context": null,
              "code": "storeUserInLocalStorage();\ncy.visit('/races');\ncy.wait('@getRaces').its('request.headers').should('have.property', 'authorization', `Bearer ${user.token}`);\n// user stored should be displayed\ncy.get('#current-user').should('contain', 'cedric').and('contain', '1000');\n// logout\ncy.get('span.fa.fa-power-off').click();\n// should be redirected to home page\ncy.location('pathname')\n    .should('eq', '/')\n    // and localStorage should be clean\n    .and(() => expect(localStorage.getItem('rememberMe')).to.eq(null));\ncy.get(navbarLink).should('not.exist');\n// user is not displayed in navbar\ncy.get('#current-user').should('not.exist');\n// and home page offers the login link\ncy.get('.btn-primary').contains('Login').should('have.attr', 'href', '/login');",
              "err": {},
              "uuid": "713a3a2d-0aa9-4a98-bfcc-f67e70243fed",
              "parentUUID": "8cddf8ac-3301-4c85-a256-bdf9f9492a3f",
              "isHook": false,
              "skipped": false
            }
          ],
          "suites": [],
          "passes": [
            "df80e106-4cb1-4a40-8968-aea54475bc5d",
            "a386e803-5751-428e-8f32-88fe574518ba",
            "5153a326-69f7-4f51-8b5d-54c262e200ae",
            "713a3a2d-0aa9-4a98-bfcc-f67e70243fed"
          ],
          "failures": [],
          "pending": [],
          "skipped": [],
          "duration": 823,
          "root": false,
          "rootEmpty": false,
          "_timeout": 2000
        }
      ],
      "passes": [],
      "failures": [],
      "pending": [],
      "skipped": [],
      "duration": 0,
      "root": true,
      "rootEmpty": true,
      "_timeout": 2000
    }
  ],
  "meta": {
    "mocha": {
      "version": "7.0.1"
    },
    "mochawesome": {
      "options": {
        "quiet": false,
        "reportFilename": "mochawesome",
        "saveHtml": false,
        "saveJson": true,
        "consoleReporter": "spec",
        "useInlineDiffs": false,
        "code": true
      },
      "version": "7.1.3"
    },
    "marge": {
      "options": {
        "reportDir": "results/mochawesome",
        "overwrite": false,
        "html": false,
        "json": true
      },
      "version": "6.2.0"
    }
  }
}